<html>
<head>
<title>TestNG:  NewFinalProject</title>
<link href="../testng.css" rel="stylesheet" type="text/css" />
<link href="../my-testng.css" rel="stylesheet" type="text/css" />

<style type="text/css">
.log { display: none;} 
.stack-trace { display: none;} 
</style>
<script type="text/javascript">
<!--
function flip(e) {
  current = e.style.display;
  if (current == 'block') {
    e.style.display = 'none';
    return 0;
  }
  else {
    e.style.display = 'block';
    return 1;
  }
}

function toggleBox(szDivId, elem, msg1, msg2)
{
  var res = -1;  if (document.getElementById) {
    res = flip(document.getElementById(szDivId));
  }
  else if (document.all) {
    // this is the way old msie versions work
    res = flip(document.all[szDivId]);
  }
  if(elem) {
    if(res == 0) elem.innerHTML = msg1; else elem.innerHTML = msg2;
  }

}

function toggleAllBoxes() {
  if (document.getElementsByTagName) {
    d = document.getElementsByTagName('div');
    for (i = 0; i < d.length; i++) {
      if (d[i].className == 'log') {
        flip(d[i]);
      }
    }
  }
}

// -->
</script>

</head>
<body>
<h2 align='center'>NewFinalProject</h2><table border='1' align="center">
<tr>
<td>Tests passed/Failed/Skipped:</td><td>24/1/0</td>
</tr><tr>
<td>Started on:</td><td>Sat Jan 13 17:32:04 EET 2024</td>
</tr>
<tr><td>Total time:</td><td>155 seconds (155079 ms)</td>
</tr><tr>
<td>Included groups:</td><td></td>
</tr><tr>
<td>Excluded groups:</td><td></td>
</tr>
</table><p/>
<small><i>(Hover the method name to see the test class name)</i></small><p/>
<table width='100%' border='1' class='invocation-failed'>
<tr><td colspan='4' align='center'><b>FAILED TESTS</b></td></tr>
<tr><td><b>Test method</b></td>
<td><b>Attribute(s)</b></td>
<td width="30%"><b>Exception</b></td>
<td width="10%"><b>Time (seconds)</b></td>
<td><b>Instance</b></td>
</tr>
<tr>
<td title='LikeUnlikeAndCommentPostTest.LikeUnlikeCommentPost()'><b>LikeUnlikeCommentPost</b><br>Test class: LikeUnlikeAndCommentPostTest<br>Parameters: Iliyana1, 123456</td>
<td><div><pre>org.openqa.selenium.TimeoutException: Expected condition failed: waiting for element to be clickable: Proxy element for: DefaultElementLocator &apos;By.cssSelector: app-post-modal .like.far.fa-heart.fa-2x&apos; (tried for 20 second(s) with 500 milliseconds interval)
	at org.openqa.selenium.support.ui.WebDriverWait.timeoutException(WebDriverWait.java:84)
	at org.openqa.selenium.support.ui.FluentWait.until(FluentWait.java:229)
	at HomePage.LikePost(HomePage.java:58)
	at LikeUnlikeAndCommentPostTest.LikeUnlikeCommentPost(LikeUnlikeAndCommentPostTest.java:43)
	at java.base/java.util.ArrayList.forEach(ArrayList.java:1511)
Caused by: org.openqa.selenium.NoSuchElementException: no such element: Unable to locate element: {&quot;method&quot;:&quot;css selector&quot;,&quot;selector&quot;:&quot;app-post-modal .like.far.fa-heart.fa-2x&quot;}
  (Session info: chrome=120.0.6099.217)
For documentation on this error, please visit: https://www.selenium.dev/documentation/webdriver/troubleshooting/errors#no-such-element-exception
Build info: version: &apos;4.15.0&apos;, revision: &apos;1d14b5521b&apos;
System info: os.name: &apos;Windows 10&apos;, os.arch: &apos;amd64&apos;, os.version: &apos;10.0&apos;, java.version: &apos;14.0.2&apos;
Driver info: org.openqa.selenium.chrome.ChromeDriver
Command: [6faad2135be4f08d015571b39c412486, findElement {using=css selector, value=app-post-modal .like.far.fa-heart.fa-2x}]
Capabilities {acceptInsecureCerts: false, browserName: chrome, browserVersion: 120.0.6099.217, chrome: {chromedriverVersion: 120.0.6099.109 (3419140ab66..., userDataDir: C:\Users\ILIYAN~1.VAS\AppDa...}, fedcm:accounts: true, goog:chromeOptions: {debuggerAddress: localhost:49730}, networkConnectionEnabled: false, pageLoadStrategy: normal, platformName: windows, proxy: Proxy(), se:cdp: ws://localhost:49730/devtoo..., se:cdpVersion: 120.0.6099.217, setWindowRect: true, strictFileInteractability: false, timeouts: {implicit: 0, pageLoad: 300000, script: 30000}, unhandledPromptBehavior: dismiss and notify, webauthn:extension:credBlob: true, webauthn:extension:largeBlob: true, webauthn:extension:minPinLength: true, webauthn:extension:prf: true, webauthn:virtualAuthenticators: true}
Session ID: 6faad2135be4f08d015571b39c412486
	at org.openqa.selenium.remote.codec.w3c.W3CHttpResponseCodec.createException(W3CHttpResponseCodec.java:200)
	at org.openqa.selenium.remote.codec.w3c.W3CHttpResponseCodec.decode(W3CHttpResponseCodec.java:133)
	at org.openqa.selenium.remote.codec.w3c.W3CHttpResponseCodec.decode(W3CHttpResponseCodec.java:52)
	at org.openqa.selenium.remote.HttpCommandExecutor.execute(HttpCommandExecutor.java:191)
	at org.openqa.selenium.remote.service.DriverCommandExecutor.invokeExecute(DriverCommandExecutor.java:200)
	at org.openqa.selenium.remote.service.DriverCommandExecutor.execute(DriverCommandExecutor.java:175)
	at org.openqa.selenium.remote.RemoteWebDriver.execute(RemoteWebDriver.java:607)
	at org.openqa.selenium.remote.ElementLocation$ElementFinder$2.findElement(ElementLocation.java:165)
	at org.openqa.selenium.remote.ElementLocation.findElement(ElementLocation.java:59)
	at org.openqa.selenium.remote.RemoteWebDriver.findElement(RemoteWebDriver.java:364)
	at org.openqa.selenium.remote.RemoteWebDriver.findElement(RemoteWebDriver.java:358)
	at org.openqa.selenium.support.pagefactory.DefaultElementLocator.findElement(DefaultElementLocator.java:68)
	at org.openqa.selenium.support.pagefactory.internal.LocatingElementHandler.invoke(LocatingElementHandler.java:38)
	at com.sun.proxy.$Proxy12.isDisplayed(Unknown Source)
	at org.openqa.selenium.support.ui.ExpectedConditions.elementIfVisible(ExpectedConditions.java:304)
	at org.openqa.selenium.support.ui.ExpectedConditions$10.apply(ExpectedConditions.java:290)
	at org.openqa.selenium.support.ui.ExpectedConditions$10.apply(ExpectedConditions.java:287)
	at org.openqa.selenium.support.ui.ExpectedConditions$23.apply(ExpectedConditions.java:656)
	at org.openqa.selenium.support.ui.ExpectedConditions$23.apply(ExpectedConditions.java:652)
	at org.openqa.selenium.support.ui.FluentWait.until(FluentWait.java:204)
	... 34 more
... Removed 36 stack frames</pre></div><a href='#' onClick='toggleBox("stack-trace421481829", this, "Click to show all stack frames", "Click to hide stack frames")'>Click to show all stack frames</a>
<div class='stack-trace' id='stack-trace421481829'><pre>org.openqa.selenium.TimeoutException: Expected condition failed: waiting for element to be clickable: Proxy element for: DefaultElementLocator &apos;By.cssSelector: app-post-modal .like.far.fa-heart.fa-2x&apos; (tried for 20 second(s) with 500 milliseconds interval)
	at org.openqa.selenium.support.ui.WebDriverWait.timeoutException(WebDriverWait.java:84)
	at org.openqa.selenium.support.ui.FluentWait.until(FluentWait.java:229)
	at HomePage.LikePost(HomePage.java:58)
	at LikeUnlikeAndCommentPostTest.LikeUnlikeCommentPost(LikeUnlikeAndCommentPostTest.java:43)
	at java.base/jdk.internal.reflect.NativeMethodAccessorImpl.invoke0(Native Method)
	at java.base/jdk.internal.reflect.NativeMethodAccessorImpl.invoke(NativeMethodAccessorImpl.java:62)
	at java.base/jdk.internal.reflect.DelegatingMethodAccessorImpl.invoke(DelegatingMethodAccessorImpl.java:43)
	at java.base/java.lang.reflect.Method.invoke(Method.java:564)
	at org.testng.internal.invokers.MethodInvocationHelper.invokeMethod(MethodInvocationHelper.java:139)
	at org.testng.internal.invokers.TestInvoker.invokeMethod(TestInvoker.java:677)
	at org.testng.internal.invokers.TestInvoker.invokeTestMethod(TestInvoker.java:221)
	at org.testng.internal.invokers.MethodRunner.runInSequence(MethodRunner.java:50)
	at org.testng.internal.invokers.TestInvoker$MethodInvocationAgent.invoke(TestInvoker.java:969)
	at org.testng.internal.invokers.TestInvoker.invokeTestMethods(TestInvoker.java:194)
	at org.testng.internal.invokers.TestMethodWorker.invokeTestMethods(TestMethodWorker.java:148)
	at org.testng.internal.invokers.TestMethodWorker.run(TestMethodWorker.java:128)
	at java.base/java.util.ArrayList.forEach(ArrayList.java:1511)
	at org.testng.TestRunner.privateRun(TestRunner.java:829)
	at org.testng.TestRunner.run(TestRunner.java:602)
	at org.testng.SuiteRunner.runTest(SuiteRunner.java:437)
	at org.testng.SuiteRunner.runSequentially(SuiteRunner.java:431)
	at org.testng.SuiteRunner.privateRun(SuiteRunner.java:391)
	at org.testng.SuiteRunner.run(SuiteRunner.java:330)
	at org.testng.SuiteRunnerWorker.runSuite(SuiteRunnerWorker.java:52)
	at org.testng.SuiteRunnerWorker.run(SuiteRunnerWorker.java:95)
	at org.testng.TestNG.runSuitesSequentially(TestNG.java:1256)
	at org.testng.TestNG.runSuitesLocally(TestNG.java:1176)
	at org.testng.TestNG.runSuites(TestNG.java:1099)
	at org.testng.TestNG.run(TestNG.java:1067)
	at org.apache.maven.surefire.testng.TestNGExecutor.run(TestNGExecutor.java:324)
	at org.apache.maven.surefire.testng.TestNGXmlTestSuite.execute(TestNGXmlTestSuite.java:74)
	at org.apache.maven.surefire.testng.TestNGProvider.invoke(TestNGProvider.java:123)
	at org.apache.maven.surefire.booter.ForkedBooter.runSuitesInProcess(ForkedBooter.java:456)
	at org.apache.maven.surefire.booter.ForkedBooter.execute(ForkedBooter.java:169)
	at org.apache.maven.surefire.booter.ForkedBooter.run(ForkedBooter.java:595)
	at org.apache.maven.surefire.booter.ForkedBooter.main(ForkedBooter.java:581)
Caused by: org.openqa.selenium.NoSuchElementException: no such element: Unable to locate element: {&quot;method&quot;:&quot;css selector&quot;,&quot;selector&quot;:&quot;app-post-modal .like.far.fa-heart.fa-2x&quot;}
  (Session info: chrome=120.0.6099.217)
For documentation on this error, please visit: https://www.selenium.dev/documentation/webdriver/troubleshooting/errors#no-such-element-exception
Build info: version: &apos;4.15.0&apos;, revision: &apos;1d14b5521b&apos;
System info: os.name: &apos;Windows 10&apos;, os.arch: &apos;amd64&apos;, os.version: &apos;10.0&apos;, java.version: &apos;14.0.2&apos;
Driver info: org.openqa.selenium.chrome.ChromeDriver
Command: [6faad2135be4f08d015571b39c412486, findElement {using=css selector, value=app-post-modal .like.far.fa-heart.fa-2x}]
Capabilities {acceptInsecureCerts: false, browserName: chrome, browserVersion: 120.0.6099.217, chrome: {chromedriverVersion: 120.0.6099.109 (3419140ab66..., userDataDir: C:\Users\ILIYAN~1.VAS\AppDa...}, fedcm:accounts: true, goog:chromeOptions: {debuggerAddress: localhost:49730}, networkConnectionEnabled: false, pageLoadStrategy: normal, platformName: windows, proxy: Proxy(), se:cdp: ws://localhost:49730/devtoo..., se:cdpVersion: 120.0.6099.217, setWindowRect: true, strictFileInteractability: false, timeouts: {implicit: 0, pageLoad: 300000, script: 30000}, unhandledPromptBehavior: dismiss and notify, webauthn:extension:credBlob: true, webauthn:extension:largeBlob: true, webauthn:extension:minPinLength: true, webauthn:extension:prf: true, webauthn:virtualAuthenticators: true}
Session ID: 6faad2135be4f08d015571b39c412486
	at java.base/jdk.internal.reflect.NativeConstructorAccessorImpl.newInstance0(Native Method)
	at java.base/jdk.internal.reflect.NativeConstructorAccessorImpl.newInstance(NativeConstructorAccessorImpl.java:62)
	at java.base/jdk.internal.reflect.DelegatingConstructorAccessorImpl.newInstance(DelegatingConstructorAccessorImpl.java:45)
	at java.base/java.lang.reflect.Constructor.newInstanceWithCaller(Constructor.java:500)
	at java.base/java.lang.reflect.Constructor.newInstance(Constructor.java:481)
	at org.openqa.selenium.remote.codec.w3c.W3CHttpResponseCodec.createException(W3CHttpResponseCodec.java:200)
	at org.openqa.selenium.remote.codec.w3c.W3CHttpResponseCodec.decode(W3CHttpResponseCodec.java:133)
	at org.openqa.selenium.remote.codec.w3c.W3CHttpResponseCodec.decode(W3CHttpResponseCodec.java:52)
	at org.openqa.selenium.remote.HttpCommandExecutor.execute(HttpCommandExecutor.java:191)
	at org.openqa.selenium.remote.service.DriverCommandExecutor.invokeExecute(DriverCommandExecutor.java:200)
	at org.openqa.selenium.remote.service.DriverCommandExecutor.execute(DriverCommandExecutor.java:175)
	at org.openqa.selenium.remote.RemoteWebDriver.execute(RemoteWebDriver.java:607)
	at org.openqa.selenium.remote.ElementLocation$ElementFinder$2.findElement(ElementLocation.java:165)
	at org.openqa.selenium.remote.ElementLocation.findElement(ElementLocation.java:59)
	at org.openqa.selenium.remote.RemoteWebDriver.findElement(RemoteWebDriver.java:364)
	at org.openqa.selenium.remote.RemoteWebDriver.findElement(RemoteWebDriver.java:358)
	at org.openqa.selenium.support.pagefactory.DefaultElementLocator.findElement(DefaultElementLocator.java:68)
	at org.openqa.selenium.support.pagefactory.internal.LocatingElementHandler.invoke(LocatingElementHandler.java:38)
	at com.sun.proxy.$Proxy12.isDisplayed(Unknown Source)
	at org.openqa.selenium.support.ui.ExpectedConditions.elementIfVisible(ExpectedConditions.java:304)
	at org.openqa.selenium.support.ui.ExpectedConditions$10.apply(ExpectedConditions.java:290)
	at org.openqa.selenium.support.ui.ExpectedConditions$10.apply(ExpectedConditions.java:287)
	at org.openqa.selenium.support.ui.ExpectedConditions$23.apply(ExpectedConditions.java:656)
	at org.openqa.selenium.support.ui.ExpectedConditions$23.apply(ExpectedConditions.java:652)
	at org.openqa.selenium.support.ui.FluentWait.until(FluentWait.java:204)
	... 34 more
</pre></div></td>
<td>29</td>
<td>LikeUnlikeAndCommentPostTest@498d318c</td></tr>
</table><p>
<table width='100%' border='1' class='invocation-passed'>
<tr><td colspan='4' align='center'><b>PASSED TESTS</b></td></tr>
<tr><td><b>Test method</b></td>
<td><b>Attribute(s)</b></td>
<td width="30%"><b>Exception</b></td>
<td width="10%"><b>Time (seconds)</b></td>
<td><b>Instance</b></td>
</tr>
<tr>
<td title='LikeUnlikeAndCommentPostTest.LikeUnlikeCommentPost()'><b>LikeUnlikeCommentPost</b><br>Test class: LikeUnlikeAndCommentPostTest<br>Parameters: Iliyana1, 123456</td>
<td></td>
<td>2</td>
<td>LikeUnlikeAndCommentPostTest@498d318c</td></tr>
<tr>
<td title='NewPostAndDeleteTest.testUploadImage()'><b>testUploadImage</b><br>Test class: NewPostAndDeleteTest<br>Parameters: Iliyana1, 123456, src\main\resources\Upload\au9i1g9hn-1200x595.jpg, Test caption</td>
<td></td>
<td>4</td>
<td>NewPostAndDeleteTest@40ef3420</td></tr>
<tr>
<td title='EditProfileTest.EditProfile()'><b>EditProfile</b><br>Test class: EditProfileTest<br>Parameters: Iliyana4, 123456, src\main\resources\Upload\download.jpg</td>
<td></td>
<td>2</td>
<td>EditProfileTest@402bba4f</td></tr>
<tr>
<td title='NewPostAndDeleteTest.testUploadImage()'><b>testUploadImage</b><br>Test class: NewPostAndDeleteTest<br>Parameters: Iliyana1, 123456, src\main\resources\Upload\au9i1g9hn-1200x595.jpg, Test caption</td>
<td></td>
<td>4</td>
<td>NewPostAndDeleteTest@40ef3420</td></tr>
<tr>
<td title='EditProfileTest.EditProfile()'><b>EditProfile</b><br>Test class: EditProfileTest<br>Parameters: Iliyana4, 123456, src\main\resources\Upload\download.jpg</td>
<td></td>
<td>2</td>
<td>EditProfileTest@402bba4f</td></tr>
<tr>
<td title='NewPostAndDeleteTest.testUploadImage()'><b>testUploadImage</b><br>Test class: NewPostAndDeleteTest<br>Parameters: Iliyana1, 123456, src\main\resources\Upload\au9i1g9hn-1200x595.jpg, Test caption</td>
<td></td>
<td>4</td>
<td>NewPostAndDeleteTest@40ef3420</td></tr>
<tr>
<td title='EditProfileTest.EditProfile()'><b>EditProfile</b><br>Test class: EditProfileTest<br>Parameters: Iliyana4, 123456, src\main\resources\Upload\download.jpg</td>
<td></td>
<td>2</td>
<td>EditProfileTest@402bba4f</td></tr>
<tr>
<td title='RegisterUserTest.registrationUser()'><b>registrationUser</b><br>Test class: RegisterUserTest</td>
<td></td>
<td>3</td>
<td>RegisterUserTest@479d31f3</td></tr>
<tr>
<td title='RegisterUserTest.registrationUser()'><b>registrationUser</b><br>Test class: RegisterUserTest</td>
<td></td>
<td>3</td>
<td>RegisterUserTest@479d31f3</td></tr>
<tr>
<td title='NewPostAndDeleteTest.testUploadImage()'><b>testUploadImage</b><br>Test class: NewPostAndDeleteTest<br>Parameters: Iliyana1, 123456, src\main\resources\Upload\au9i1g9hn-1200x595.jpg, Test caption</td>
<td></td>
<td>4</td>
<td>NewPostAndDeleteTest@40ef3420</td></tr>
<tr>
<td title='EditProfileTest.EditProfile()'><b>EditProfile</b><br>Test class: EditProfileTest<br>Parameters: Iliyana4, 123456, src\main\resources\Upload\download.jpg</td>
<td></td>
<td>2</td>
<td>EditProfileTest@402bba4f</td></tr>
<tr>
<td title='FollowAndUnfollowUserTest.FollowAndUnfollowUser()'><b>FollowAndUnfollowUser</b><br>Test class: FollowAndUnfollowUserTest<br>Parameters: Iliyana4, 123456</td>
<td></td>
<td>3</td>
<td>FollowAndUnfollowUserTest@6e171cd7</td></tr>
<tr>
<td title='LikeUnlikeAndCommentPostTest.LikeUnlikeCommentPost()'><b>LikeUnlikeCommentPost</b><br>Test class: LikeUnlikeAndCommentPostTest<br>Parameters: Iliyana1, 123456</td>
<td></td>
<td>2</td>
<td>LikeUnlikeAndCommentPostTest@498d318c</td></tr>
<tr>
<td title='FollowAndUnfollowUserTest.FollowAndUnfollowUser()'><b>FollowAndUnfollowUser</b><br>Test class: FollowAndUnfollowUserTest<br>Parameters: Iliyana4, 123456</td>
<td></td>
<td>3</td>
<td>FollowAndUnfollowUserTest@6e171cd7</td></tr>
<tr>
<td title='FollowAndUnfollowUserTest.FollowAndUnfollowUser()'><b>FollowAndUnfollowUser</b><br>Test class: FollowAndUnfollowUserTest<br>Parameters: Iliyana4, 123456</td>
<td></td>
<td>3</td>
<td>FollowAndUnfollowUserTest@6e171cd7</td></tr>
<tr>
<td title='RegisterUserTest.registrationUser()'><b>registrationUser</b><br>Test class: RegisterUserTest</td>
<td></td>
<td>3</td>
<td>RegisterUserTest@479d31f3</td></tr>
<tr>
<td title='NewPostAndDeleteTest.testUploadImage()'><b>testUploadImage</b><br>Test class: NewPostAndDeleteTest<br>Parameters: Iliyana1, 123456, src\main\resources\Upload\au9i1g9hn-1200x595.jpg, Test caption</td>
<td></td>
<td>4</td>
<td>NewPostAndDeleteTest@40ef3420</td></tr>
<tr>
<td title='RegisterUserTest.registrationUser()'><b>registrationUser</b><br>Test class: RegisterUserTest</td>
<td></td>
<td>3</td>
<td>RegisterUserTest@479d31f3</td></tr>
<tr>
<td title='RegisterUserTest.registrationUser()'><b>registrationUser</b><br>Test class: RegisterUserTest</td>
<td></td>
<td>3</td>
<td>RegisterUserTest@479d31f3</td></tr>
<tr>
<td title='EditProfileTest.EditProfile()'><b>EditProfile</b><br>Test class: EditProfileTest<br>Parameters: Iliyana4, 123456, src\main\resources\Upload\download.jpg</td>
<td></td>
<td>2</td>
<td>EditProfileTest@402bba4f</td></tr>
<tr>
<td title='LikeUnlikeAndCommentPostTest.LikeUnlikeCommentPost()'><b>LikeUnlikeCommentPost</b><br>Test class: LikeUnlikeAndCommentPostTest<br>Parameters: Iliyana1, 123456</td>
<td></td>
<td>2</td>
<td>LikeUnlikeAndCommentPostTest@498d318c</td></tr>
<tr>
<td title='FollowAndUnfollowUserTest.FollowAndUnfollowUser()'><b>FollowAndUnfollowUser</b><br>Test class: FollowAndUnfollowUserTest<br>Parameters: Iliyana4, 123456</td>
<td></td>
<td>3</td>
<td>FollowAndUnfollowUserTest@6e171cd7</td></tr>
<tr>
<td title='LikeUnlikeAndCommentPostTest.LikeUnlikeCommentPost()'><b>LikeUnlikeCommentPost</b><br>Test class: LikeUnlikeAndCommentPostTest<br>Parameters: Iliyana1, 123456</td>
<td></td>
<td>2</td>
<td>LikeUnlikeAndCommentPostTest@498d318c</td></tr>
<tr>
<td title='FollowAndUnfollowUserTest.FollowAndUnfollowUser()'><b>FollowAndUnfollowUser</b><br>Test class: FollowAndUnfollowUserTest<br>Parameters: Iliyana4, 123456</td>
<td></td>
<td>3</td>
<td>FollowAndUnfollowUserTest@6e171cd7</td></tr>
</table><p>
</body>
</html>