<?xml version="1.0" encoding="UTF-8"?>
<!-- Generated by org.testng.reporters.JUnitXMLReporter -->
<testsuite ignored="5" hostname="BGSNIKMS3402" failures="1" tests="25" name="NewFinalProject" time="155.079" errors="0" timestamp="2024-01-13T17:34:39 EET">
  <testcase classname="RegisterUserTest" name="registrationUser" time="3.518"/>
  <testcase classname="RegisterUserTest" name="registrationUser" time="3.333"/>
  <testcase classname="RegisterUserTest" name="registrationUser" time="3.356"/>
  <testcase classname="RegisterUserTest" name="registrationUser" time="3.344"/>
  <testcase classname="RegisterUserTest" name="registrationUser" time="3.436"/>
  <testcase classname="NewPostAndDeleteTest" name="testUploadImage" time="4.844"/>
  <testcase classname="NewPostAndDeleteTest" name="testUploadImage" time="4.964"/>
  <testcase classname="NewPostAndDeleteTest" name="testUploadImage" time="4.738"/>
  <testcase classname="NewPostAndDeleteTest" name="testUploadImage" time="4.914"/>
  <testcase classname="NewPostAndDeleteTest" name="testUploadImage" time="4.745"/>
  <testcase classname="LikeUnlikeAndCommentPostTest" name="LikeUnlikeCommentPost" time="29.114">
    <failure type="org.openqa.selenium.TimeoutException" message="Expected condition failed: waiting for element to be clickable: Proxy element for: DefaultElementLocator &amp;apos;By.cssSelector: app-post-modal .like.far.fa-heart.fa-2x&amp;apos; (tried for 20 second(s) with 500 milliseconds interval)">
      <![CDATA[org.openqa.selenium.TimeoutException: Expected condition failed: waiting for element to be clickable: Proxy element for: DefaultElementLocator 'By.cssSelector: app-post-modal .like.far.fa-heart.fa-2x' (tried for 20 second(s) with 500 milliseconds interval)
at org.openqa.selenium.support.ui.WebDriverWait.timeoutException(WebDriverWait.java:84)
at org.openqa.selenium.support.ui.FluentWait.until(FluentWait.java:229)
at HomePage.LikePost(HomePage.java:58)
at LikeUnlikeAndCommentPostTest.LikeUnlikeCommentPost(LikeUnlikeAndCommentPostTest.java:43)
at java.base/java.util.ArrayList.forEach(ArrayList.java:1511)
Caused by: org.openqa.selenium.NoSuchElementException: no such element: Unable to locate element: {"method":"css selector","selector":"app-post-modal .like.far.fa-heart.fa-2x"}
  (Session info: chrome=120.0.6099.217)
For documentation on this error, please visit: https://www.selenium.dev/documentation/webdriver/troubleshooting/errors#no-such-element-exception
Build info: version: '4.15.0', revision: '1d14b5521b'
System info: os.name: 'Windows 10', os.arch: 'amd64', os.version: '10.0', java.version: '14.0.2'
Driver info: org.openqa.selenium.chrome.ChromeDriver
Command: [6faad2135be4f08d015571b39c412486, findElement {using=css selector, value=app-post-modal .like.far.fa-heart.fa-2x}]
Capabilities {acceptInsecureCerts: false, browserName: chrome, browserVersion: 120.0.6099.217, chrome: {chromedriverVersion: 120.0.6099.109 (3419140ab66..., userDataDir: C:\Users\ILIYAN~1.VAS\AppDa...}, fedcm:accounts: true, goog:chromeOptions: {debuggerAddress: localhost:49730}, networkConnectionEnabled: false, pageLoadStrategy: normal, platformName: windows, proxy: Proxy(), se:cdp: ws://localhost:49730/devtoo..., se:cdpVersion: 120.0.6099.217, setWindowRect: true, strictFileInteractability: false, timeouts: {implicit: 0, pageLoad: 300000, script: 30000}, unhandledPromptBehavior: dismiss and notify, webauthn:extension:credBlob: true, webauthn:extension:largeBlob: true, webauthn:extension:minPinLength: true, webauthn:extension:prf: true, webauthn:virtualAuthenticators: true}
Session ID: 6faad2135be4f08d015571b39c412486
at org.openqa.selenium.remote.codec.w3c.W3CHttpResponseCodec.createException(W3CHttpResponseCodec.java:200)
at org.openqa.selenium.remote.codec.w3c.W3CHttpResponseCodec.decode(W3CHttpResponseCodec.java:133)
at org.openqa.selenium.remote.codec.w3c.W3CHttpResponseCodec.decode(W3CHttpResponseCodec.java:52)
at org.openqa.selenium.remote.HttpCommandExecutor.execute(HttpCommandExecutor.java:191)
at org.openqa.selenium.remote.service.DriverCommandExecutor.invokeExecute(DriverCommandExecutor.java:200)
at org.openqa.selenium.remote.service.DriverCommandExecutor.execute(DriverCommandExecutor.java:175)
at org.openqa.selenium.remote.RemoteWebDriver.execute(RemoteWebDriver.java:607)
at org.openqa.selenium.remote.ElementLocation$ElementFinder$2.findElement(ElementLocation.java:165)
at org.openqa.selenium.remote.ElementLocation.findElement(ElementLocation.java:59)
at org.openqa.selenium.remote.RemoteWebDriver.findElement(RemoteWebDriver.java:364)
at org.openqa.selenium.remote.RemoteWebDriver.findElement(RemoteWebDriver.java:358)
at org.openqa.selenium.support.pagefactory.DefaultElementLocator.findElement(DefaultElementLocator.java:68)
at org.openqa.selenium.support.pagefactory.internal.LocatingElementHandler.invoke(LocatingElementHandler.java:38)
at com.sun.proxy.$Proxy12.isDisplayed(Unknown Source)
at org.openqa.selenium.support.ui.ExpectedConditions.elementIfVisible(ExpectedConditions.java:304)
at org.openqa.selenium.support.ui.ExpectedConditions$10.apply(ExpectedConditions.java:290)
at org.openqa.selenium.support.ui.ExpectedConditions$10.apply(ExpectedConditions.java:287)
at org.openqa.selenium.support.ui.ExpectedConditions$23.apply(ExpectedConditions.java:656)
at org.openqa.selenium.support.ui.ExpectedConditions$23.apply(ExpectedConditions.java:652)
at org.openqa.selenium.support.ui.FluentWait.until(FluentWait.java:204)
... 34 more
... Removed 36 stack frames]]>
    </failure>
  </testcase> <!-- LikeUnlikeCommentPost -->
  <testcase classname="LikeUnlikeAndCommentPostTest" name="LikeUnlikeCommentPost" time="2.838"/>
  <testcase classname="LikeUnlikeAndCommentPostTest" name="LikeUnlikeCommentPost" time="2.629"/>
  <testcase classname="LikeUnlikeAndCommentPostTest" name="LikeUnlikeCommentPost" time="2.742"/>
  <testcase classname="LikeUnlikeAndCommentPostTest" name="LikeUnlikeCommentPost" time="2.568"/>
  <testcase classname="FollowAndUnfollowUserTest" name="FollowAndUnfollowUser" time="3.079"/>
  <testcase classname="FollowAndUnfollowUserTest" name="FollowAndUnfollowUser" time="3.203"/>
  <testcase classname="FollowAndUnfollowUserTest" name="FollowAndUnfollowUser" time="3.265"/>
  <testcase classname="FollowAndUnfollowUserTest" name="FollowAndUnfollowUser" time="3.068"/>
  <testcase classname="FollowAndUnfollowUserTest" name="FollowAndUnfollowUser" time="3.036"/>
  <testcase classname="EditProfileTest" name="EditProfile" time="2.887"/>
  <testcase classname="EditProfileTest" name="EditProfile" time="2.699"/>
  <testcase classname="EditProfileTest" name="EditProfile" time="2.796"/>
  <testcase classname="EditProfileTest" name="EditProfile" time="2.619"/>
  <testcase classname="EditProfileTest" name="EditProfile" time="2.868"/>
  <testcase classname="BaseClass" name="@BeforeSuite setupTestSuite" time="0.0">
    <ignored/>
  </testcase> <!-- @BeforeSuite setupTestSuite -->
  <testcase classname="BaseClass" name="@BeforeSuite setupTestSuite" time="0.0">
    <ignored/>
  </testcase> <!-- @BeforeSuite setupTestSuite -->
  <testcase classname="BaseClass" name="@BeforeSuite setupTestSuite" time="0.0">
    <ignored/>
  </testcase> <!-- @BeforeSuite setupTestSuite -->
  <testcase classname="BaseClass" name="@BeforeSuite setupTestSuite" time="0.0">
    <ignored/>
  </testcase> <!-- @BeforeSuite setupTestSuite -->
  <testcase classname="BaseClass" name="@BeforeSuite setupTestSuite" time="0.0">
    <ignored/>
  </testcase> <!-- @BeforeSuite setupTestSuite -->
</testsuite> <!-- NewFinalProject -->
